<?xml version="1.0" encoding="UTF-8"?>
<!-- Generated by org.testng.reporters.JUnitXMLReporter -->
<testsuite ignored="0" hostname="Goku" failures="0" tests="6" name="Test" time="53.393" errors="0" timestamp="2024-09-23T11:55:09 IST">
  <testcase classname="com.qa.opencart.tests.TC002_LoginTest" name="loginSuccessfulTest" time="1.243"/>
  <testcase classname="com.qa.opencart.tests.TC003_LoginDataDriven" name="loginDDT" time="1.362"/>
  <testcase classname="com.qa.opencart.tests.TC003_LoginDataDriven" name="loginDDT" time="10.722"/>
  <testcase classname="com.qa.opencart.tests.TC003_LoginDataDriven" name="loginDDT" time="10.743"/>
  <testcase classname="com.qa.opencart.tests.TC003_LoginDataDriven" name="loginDDT" time="10.941"/>
  <testcase classname="com.qa.opencart.tests.TC003_LoginDataDriven" name="loginDDT" time="10.819"/>
</testsuite> <!-- Test -->
