<?xml version="1.0" encoding="UTF-8"?>
<!-- Generated by org.testng.reporters.JUnitXMLReporter -->
<testsuite ignored="0" hostname="Goku" failures="0" tests="7" name="EdgeTest" time="4.467" errors="0" timestamp="2024-09-23T11:48:51 IST">
  <testcase classname="com.qa.opencart.tests.TC002_LoginTest" name="loginSuccessfulTest" time="0.0">
    <skipped/>
  </testcase> <!-- loginSuccessfulTest -->
  <testcase classname="com.qa.opencart.tests.TC001_AccountRegistrationTest" name="creatAccount" time="0.0">
    <skipped/>
  </testcase> <!-- creatAccount -->
  <testcase classname="com.qa.opencart.tests.TC003_LoginDataDriven" name="loginDDT" time="0.0">
    <skipped/>
  </testcase> <!-- loginDDT -->
  <testcase classname="com.qa.opencart.tests.TC003_LoginDataDriven" name="loginDDT" time="0.0">
    <skipped/>
  </testcase> <!-- loginDDT -->
  <testcase classname="com.qa.opencart.tests.TC003_LoginDataDriven" name="loginDDT" time="0.0">
    <skipped/>
  </testcase> <!-- loginDDT -->
  <testcase classname="com.qa.opencart.tests.TC003_LoginDataDriven" name="loginDDT" time="0.0">
    <skipped/>
  </testcase> <!-- loginDDT -->
  <testcase classname="com.qa.opencart.tests.TC003_LoginDataDriven" name="loginDDT" time="0.0">
    <skipped/>
  </testcase> <!-- loginDDT -->
</testsuite> <!-- EdgeTest -->
