<?xml version="1.0" encoding="UTF-8"?>
<!-- Generated by org.testng.reporters.JUnitXMLReporter -->
<testsuite ignored="0" hostname="Goku" failures="0" tests="6" name="Test" time="47.91" errors="0" timestamp="2024-09-23T12:54:19 IST">
  <testcase classname="com.qa.opencart.tests.TC002_LoginTest" name="loginSuccessfulTest" time="0.856"/>
  <testcase classname="com.qa.opencart.tests.TC003_LoginDataDriven" name="loginDDT" time="1.096"/>
  <testcase classname="com.qa.opencart.tests.TC003_LoginDataDriven" name="loginDDT" time="10.423"/>
  <testcase classname="com.qa.opencart.tests.TC003_LoginDataDriven" name="loginDDT" time="10.437"/>
  <testcase classname="com.qa.opencart.tests.TC003_LoginDataDriven" name="loginDDT" time="10.417"/>
  <testcase classname="com.qa.opencart.tests.TC003_LoginDataDriven" name="loginDDT" time="10.402"/>
</testsuite> <!-- Test -->
