<?xml version="1.0" encoding="UTF-8"?>
<testng-results ignored="0" total="1" passed="1" failed="0" skipped="0">
  <reporter-output>
  </reporter-output>
  <suite started-at="2024-09-23T20:22:16 IST" name="Suite" finished-at="2024-09-23T20:22:19 IST" duration-ms="2930">
    <groups>
    </groups>
    <test started-at="2024-09-23T20:22:16 IST" name="Test" finished-at="2024-09-23T20:22:19 IST" duration-ms="2930">
      <class name="com.qa.opencart.tests.TC004_GetLinkText">
        <test-method is-config="true" signature="setUp(java.lang.String,java.lang.String)[pri:0, instance:com.qa.opencart.tests.TC004_GetLinkText@616fe72b]" started-at="2024-09-23T20:22:16 IST" name="setUp" finished-at="2024-09-23T20:22:18 IST" duration-ms="1540" status="PASS">
          <params>
            <param index="0">
              <value>
                <![CDATA[windows]]>
              </value>
            </param>
            <param index="1">
              <value>
                <![CDATA[chrome]]>
              </value>
            </param>
          </params>
          <reporter-output>
          </reporter-output>
        </test-method> <!-- setUp -->
        <test-method signature="GetLinkTextsTest()[pri:0, instance:com.qa.opencart.tests.TC004_GetLinkText@616fe72b]" started-at="2024-09-23T20:22:18 IST" name="GetLinkTextsTest" finished-at="2024-09-23T20:22:19 IST" duration-ms="1110" status="PASS">
          <reporter-output>
          </reporter-output>
        </test-method> <!-- GetLinkTextsTest -->
        <test-method is-config="true" signature="tearDown()[pri:0, instance:com.qa.opencart.tests.TC004_GetLinkText@616fe72b]" started-at="2024-09-23T20:22:19 IST" name="tearDown" finished-at="2024-09-23T20:22:19 IST" duration-ms="124" status="PASS">
          <reporter-output>
          </reporter-output>
        </test-method> <!-- tearDown -->
      </class> <!-- com.qa.opencart.tests.TC004_GetLinkText -->
    </test> <!-- Test -->
  </suite> <!-- Suite -->
</testng-results>
