<?xml version="1.0" encoding="UTF-8"?>
<testng-results ignored="0" total="6" passed="6" failed="0" skipped="0">
  <reporter-output>
  </reporter-output>
  <suite started-at="2024-09-23T11:54:16 IST" name="Suite" finished-at="2024-09-23T11:55:09 IST" duration-ms="53393">
    <groups>
      <group name="Master">
        <method signature="TC002_LoginTest.loginSuccessfulTest()[pri:0, instance:com.qa.opencart.tests.TC002_LoginTest@7e7b159b]" name="loginSuccessfulTest" class="com.qa.opencart.tests.TC002_LoginTest"/>
        <method signature="TC003_LoginDataDriven.loginDDT(java.lang.String,java.lang.String,java.lang.String)[pri:0, instance:com.qa.opencart.tests.TC003_LoginDataDriven@56e8b606]" name="loginDDT" class="com.qa.opencart.tests.TC003_LoginDataDriven"/>
      </group> <!-- Master -->
      <group name="Regression">
        <method signature="TC002_LoginTest.loginSuccessfulTest()[pri:0, instance:com.qa.opencart.tests.TC002_LoginTest@7e7b159b]" name="loginSuccessfulTest" class="com.qa.opencart.tests.TC002_LoginTest"/>
      </group> <!-- Regression -->
      <group name="Datadriven">
        <method signature="TC003_LoginDataDriven.loginDDT(java.lang.String,java.lang.String,java.lang.String)[pri:0, instance:com.qa.opencart.tests.TC003_LoginDataDriven@56e8b606]" name="loginDDT" class="com.qa.opencart.tests.TC003_LoginDataDriven"/>
      </group> <!-- Datadriven -->
    </groups>
    <test started-at="2024-09-23T11:54:16 IST" name="Test" finished-at="2024-09-23T11:55:09 IST" duration-ms="53393">
      <class name="com.qa.opencart.tests.TC003_LoginDataDriven">
        <test-method is-config="true" signature="setUp(java.lang.String,java.lang.String)[pri:0, instance:com.qa.opencart.tests.TC003_LoginDataDriven@56e8b606]" started-at="2024-09-23T11:54:21 IST" name="setUp" finished-at="2024-09-23T11:54:23 IST" duration-ms="1972" status="PASS">
          <params>
            <param index="0">
              <value>
                <![CDATA[windows]]>
              </value>
            </param>
            <param index="1">
              <value>
                <![CDATA[chrome]]>
              </value>
            </param>
          </params>
          <reporter-output>
          </reporter-output>
        </test-method> <!-- setUp -->
        <test-method signature="loginDDT(java.lang.String,java.lang.String,java.lang.String)[pri:0, instance:com.qa.opencart.tests.TC003_LoginDataDriven@56e8b606]" started-at="2024-09-23T11:54:24 IST" name="loginDDT" data-provider="LoginData" finished-at="2024-09-23T11:54:25 IST" duration-ms="1362" status="PASS">
          <params>
            <param index="0">
              <value>
                <![CDATA[santhusree3579@gmail.com]]>
              </value>
            </param>
            <param index="1">
              <value>
                <![CDATA[Santhu@3579]]>
              </value>
            </param>
            <param index="2">
              <value>
                <![CDATA[Valid]]>
              </value>
            </param>
          </params>
          <reporter-output>
          </reporter-output>
        </test-method> <!-- loginDDT -->
        <test-method signature="loginDDT(java.lang.String,java.lang.String,java.lang.String)[pri:0, instance:com.qa.opencart.tests.TC003_LoginDataDriven@56e8b606]" started-at="2024-09-23T11:54:25 IST" name="loginDDT" data-provider="LoginData" finished-at="2024-09-23T11:54:36 IST" duration-ms="10722" status="PASS">
          <params>
            <param index="0">
              <value>
                <![CDATA[lakshmi@yahoo.com]]>
              </value>
            </param>
            <param index="1">
              <value>
                <![CDATA[Laxmi]]>
              </value>
            </param>
            <param index="2">
              <value>
                <![CDATA[Invalid]]>
              </value>
            </param>
          </params>
          <reporter-output>
          </reporter-output>
        </test-method> <!-- loginDDT -->
        <test-method signature="loginDDT(java.lang.String,java.lang.String,java.lang.String)[pri:0, instance:com.qa.opencart.tests.TC003_LoginDataDriven@56e8b606]" started-at="2024-09-23T11:54:36 IST" name="loginDDT" data-provider="LoginData" finished-at="2024-09-23T11:54:47 IST" duration-ms="10743" status="PASS">
          <params>
            <param index="0">
              <value>
                <![CDATA[laksh@yahoo.com]]>
              </value>
            </param>
            <param index="1">
              <value>
                <![CDATA[Lakshmi]]>
              </value>
            </param>
            <param index="2">
              <value>
                <![CDATA[Invalid]]>
              </value>
            </param>
          </params>
          <reporter-output>
          </reporter-output>
        </test-method> <!-- loginDDT -->
        <test-method signature="loginDDT(java.lang.String,java.lang.String,java.lang.String)[pri:0, instance:com.qa.opencart.tests.TC003_LoginDataDriven@56e8b606]" started-at="2024-09-23T11:54:47 IST" name="loginDDT" data-provider="LoginData" finished-at="2024-09-23T11:54:58 IST" duration-ms="10941" status="PASS">
          <params>
            <param index="0">
              <value>
                <![CDATA[laks@yahoo.com]]>
              </value>
            </param>
            <param index="1">
              <value>
                <![CDATA[xyz]]>
              </value>
            </param>
            <param index="2">
              <value>
                <![CDATA[Invalid]]>
              </value>
            </param>
          </params>
          <reporter-output>
          </reporter-output>
        </test-method> <!-- loginDDT -->
        <test-method signature="loginDDT(java.lang.String,java.lang.String,java.lang.String)[pri:0, instance:com.qa.opencart.tests.TC003_LoginDataDriven@56e8b606]" started-at="2024-09-23T11:54:58 IST" name="loginDDT" data-provider="LoginData" finished-at="2024-09-23T11:55:09 IST" duration-ms="10819" status="PASS">
          <params>
            <param index="0">
              <value>
                <![CDATA[abc123@gmail.com]]>
              </value>
            </param>
            <param index="1">
              <value>
                <![CDATA[test@123]]>
              </value>
            </param>
            <param index="2">
              <value>
                <![CDATA[Invalid]]>
              </value>
            </param>
          </params>
          <reporter-output>
          </reporter-output>
        </test-method> <!-- loginDDT -->
        <test-method is-config="true" signature="tearDown()[pri:0, instance:com.qa.opencart.tests.TC003_LoginDataDriven@56e8b606]" started-at="2024-09-23T11:55:09 IST" name="tearDown" finished-at="2024-09-23T11:55:09 IST" duration-ms="237" status="PASS">
          <reporter-output>
          </reporter-output>
        </test-method> <!-- tearDown -->
      </class> <!-- com.qa.opencart.tests.TC003_LoginDataDriven -->
      <class name="com.qa.opencart.tests.TC002_LoginTest">
        <test-method is-config="true" signature="setUp(java.lang.String,java.lang.String)[pri:0, instance:com.qa.opencart.tests.TC002_LoginTest@7e7b159b]" started-at="2024-09-23T11:54:16 IST" name="setUp" finished-at="2024-09-23T11:54:20 IST" duration-ms="3837" status="PASS">
          <params>
            <param index="0">
              <value>
                <![CDATA[windows]]>
              </value>
            </param>
            <param index="1">
              <value>
                <![CDATA[chrome]]>
              </value>
            </param>
          </params>
          <reporter-output>
          </reporter-output>
        </test-method> <!-- setUp -->
        <test-method signature="loginSuccessfulTest()[pri:0, instance:com.qa.opencart.tests.TC002_LoginTest@7e7b159b]" started-at="2024-09-23T11:54:20 IST" name="loginSuccessfulTest" finished-at="2024-09-23T11:54:21 IST" duration-ms="1243" status="PASS">
          <reporter-output>
          </reporter-output>
        </test-method> <!-- loginSuccessfulTest -->
        <test-method is-config="true" signature="tearDown()[pri:0, instance:com.qa.opencart.tests.TC002_LoginTest@7e7b159b]" started-at="2024-09-23T11:54:21 IST" name="tearDown" finished-at="2024-09-23T11:54:21 IST" duration-ms="198" status="PASS">
          <reporter-output>
          </reporter-output>
        </test-method> <!-- tearDown -->
      </class> <!-- com.qa.opencart.tests.TC002_LoginTest -->
    </test> <!-- Test -->
  </suite> <!-- Suite -->
</testng-results>
